

Version:	3.50
CmdLine:	C:\Users\smart\Projects\HisabX\CascadeProjects\windsurf-project\HisabX\distribution\HisabX.exe --l4j-debug
JNI:		No
WOW64:		Yes
Working dir:	C:\Users\smart\Projects\HisabX\CascadeProjects\windsurf-project\HisabX\distribution\.
Requires JDK:	No
Requires 64-Bit: Yes
Java min ver:	1.017.000
Java max ver:	
Substitute:	EXEDIR = C:\Users\smart\Projects\HisabX\CascadeProjects\windsurf-project\HisabX\distribution
JRE paths:	C:\Users\smart\Projects\HisabX\CascadeProjects\windsurf-project\HisabX\distribution\runtime
Check launcher:	C:\Users\smart\Projects\HisabX\CascadeProjects\windsurf-project\HisabX\distribution\runtime\bin\javaw.exe (OK)
Version string: 1.017.000_012 / 64-Bit (OK)
Main class:	com.hisabx.MainApp
Add classpath:	HisabX.jar
Add classpath:	lib\*
Launcher:	C:\Users\smart\Projects\HisabX\CascadeProjects\windsurf-project\HisabX\distribution\runtime\bin\javaw.exe
Launcher args:	--add-modules=javafx.controls,javafx.fxml,javafx.graphics,javafx.swing -classpath "C:\Users\smart\Projects\HisabX\CascadeProjects\windsurf-project\HisabX\distribution\HisabX.exe;HisabX.jar" com.hisabx.MainApp
Args length:	208/32768 chars
Exit code:	0
